2019-10-25T15:11:34.008Z - normal: Load ~/.CocosCreator/settings.json
2019-10-25T15:11:34.076Z - normal: Initializing Asset Database
2019-10-25T15:11:34.079Z - normal: checking language setting...
2019-10-25T15:11:34.079Z - normal: Language: zh
2019-10-25T15:11:34.849Z - success: preview server running at http://localhost:7456
2019-10-25T15:11:34.858Z - success: protocol editor-framework registered
2019-10-25T15:11:34.858Z - success: protocol app registered
2019-10-25T15:11:34.858Z - success: protocol theme registered
2019-10-25T15:11:34.858Z - success: protocol packages registered
2019-10-25T15:11:34.859Z - success: protocol uuid registerred
2019-10-25T15:11:34.859Z - success: protocol db registerred
2019-10-25T15:11:34.859Z - success: protocol thumbnail registerred
2019-10-25T15:11:34.859Z - success: protocol unpack registerred
2019-10-25T15:11:34.860Z - success: protocol disable-commonjs registerred
2019-10-25T15:11:35.102Z - normal: connected!
2019-10-25T15:11:35.103Z - normal: Check project /Users/louis/Desktop/complete_project
2019-10-25T15:11:35.105Z - normal: Initializing project /Users/louis/Desktop/complete_project
2019-10-25T15:11:35.607Z - normal: Initializing Cocos2d
2019-10-25T15:11:36.510Z - normal: Initializing engine extends
2019-10-25T15:11:36.536Z - success: asset-db-debugger loaded
2019-10-25T15:11:36.537Z - success: baidu-adapter loaded
2019-10-25T15:11:36.538Z - success: color-picker loaded
2019-10-25T15:11:36.628Z - success: fb-audience-network loaded
2019-10-25T15:11:36.678Z - success: fb-live-stream loaded
2019-10-25T15:11:36.682Z - success: google-play-instant loaded
2019-10-25T15:11:36.687Z - success: huawei-runtime loaded
2019-10-25T15:11:36.932Z - success: cpk-publish loaded
2019-10-25T15:11:36.933Z - success: jsb-adapter loaded
2019-10-25T15:11:36.939Z - success: oppo-runtime loaded
2019-10-25T15:11:36.947Z - success: package-manager loaded
2019-10-25T15:11:37.110Z - success: qqplay-adapter loaded
2019-10-25T15:11:37.112Z - success: runtime-dev-tools loaded
2019-10-25T15:11:37.183Z - success: sdkbox loaded
2019-10-25T15:11:37.188Z - success: tester loaded
2019-10-25T15:11:37.193Z - success: ui-grid loaded
2019-10-25T15:11:37.198Z - success: ui-kit-preview-extra loaded
2019-10-25T15:11:37.202Z - success: ui-kit-preview loaded
2019-10-25T15:11:37.207Z - success: ui-kit loaded
2019-10-25T15:11:37.211Z - success: ui-tree loaded
2019-10-25T15:11:37.217Z - success: vivo-runtime loaded
2019-10-25T15:11:37.219Z - success: weapp-adapter loaded
2019-10-25T15:11:37.220Z - success: xiaomi-adapter loaded
2019-10-25T15:11:37.264Z - success: assets loaded
2019-10-25T15:11:37.269Z - success: builder loaded
2019-10-25T15:11:37.591Z - success: cocos-services loaded
2019-10-25T15:11:37.598Z - success: console loaded
2019-10-25T15:11:37.638Z - success: fb-instant-games loaded
2019-10-25T15:11:37.639Z - success: google-instant-games loaded
2019-10-25T15:11:37.648Z - success: hierarchy loaded
2019-10-25T15:11:37.653Z - success: inspector loaded
2019-10-25T15:11:37.654Z - success: keystore loaded
2019-10-25T15:11:37.661Z - success: node-library loaded
2019-10-25T15:11:37.663Z - success: package-asset loaded
2019-10-25T15:11:37.665Z - success: preferences loaded
2019-10-25T15:11:37.669Z - success: project-exporter loaded
2019-10-25T15:11:37.675Z - success: project-importer loaded
2019-10-25T15:11:37.679Z - success: project-settings loaded
2019-10-25T15:11:37.684Z - success: scene loaded
2019-10-25T15:11:37.686Z - success: simulator-debugger loaded
2019-10-25T15:11:37.687Z - success: sprite-editor loaded
2019-10-25T15:11:37.693Z - success: store loaded
2019-10-25T15:11:37.703Z - success: timeline loaded
2019-10-25T15:11:37.710Z - success: xiaomi-runtime loaded
2019-10-25T15:11:38.837Z - normal: Loading packages
2019-10-25T15:11:38.840Z - normal: Watching packages
2019-10-25T15:11:38.944Z - normal: Run Application
2019-10-25T15:11:39.224Z - info: Cocos Services load base data!
2019-10-25T15:11:50.966Z - normal: Simulator: WORKAREA WIDTH 1440.00, HEIGHT 810.00
2019-10-25T15:11:50.966Z - normal: Simulator: FRAME SCALE = 0.50
2019-10-25T15:11:51.055Z - normal: Simulator: GLFWError #65544 Happen, Cocoa: Failed to retrieve display name
2019-10-25T15:11:51.055Z - normal: Simulator: 
2019-10-25T15:11:51.056Z - normal: Simulator: {
2019-10-25T15:11:51.056Z - normal: Simulator: 	build_type: DEBUG
2019-10-25T15:11:51.056Z - normal: Simulator: 	gl.vendor: Intel Inc.
2019-10-25T15:11:51.056Z - normal: Simulator: 	gl.supports_PVRTC: false
2019-10-25T15:11:51.079Z - normal: Simulator: 	gl.renderer: Intel(R) Iris(TM) Plus Graphics 640
2019-10-25T15:11:51.080Z - normal: Simulator: 	gl.supports_ATITC: false
2019-10-25T15:11:51.080Z - normal: Simulator: 	gl.supports_discard_framebuffer: false
2019-10-25T15:11:51.080Z - normal: Simulator: 	gl.supports_NPOT: true
2019-10-25T15:11:51.080Z - normal: Simulator: 	gl.max_texture_units: 16
2019-10-25T15:11:51.080Z - normal: Simulator: 	gl.supports_ETC1: false
2019-10-25T15:11:51.081Z - normal: Simulator: 	gl.max_texture_size: 16384
2019-10-25T15:11:51.081Z - normal: Simulator: 	gl.supports_BGRA8888: false
2019-10-25T15:11:51.081Z - normal: Simulator: 	gl.supports_vertex_array_object: true
2019-10-25T15:11:51.082Z - normal: Simulator: 	gl.supports_OES_map_buffer: false
2019-10-25T15:11:51.082Z - normal: Simulator: 	compiled_with_gl_state_cache: true
2019-10-25T15:11:51.082Z - normal: Simulator: 	gl.supports_OES_packed_depth_stencil: false
2019-10-25T15:11:51.082Z - normal: Simulator: 	gl.version: 2.1 INTEL-10.32.48
2019-10-25T15:11:51.082Z - normal: Simulator: 	gl.supports_S3TC: true
2019-10-25T15:11:51.083Z - normal: Simulator: 	compiled_with_profiler: false
2019-10-25T15:11:51.083Z - normal: Simulator: 	gl.supports_OES_depth24: false
2019-10-25T15:11:51.083Z - normal: Simulator: }
2019-10-25T15:11:51.123Z - normal: Simulator: Project Config:
2019-10-25T15:11:51.123Z - normal: Simulator:     project dir: /Applications/CocosCreator.app/Contents/Resources/cocos2d-x/simulator/mac/Simulator.app/Contents/Resources/
2019-10-25T15:11:51.123Z - normal: Simulator:     writable path: $(PROJDIR)/
2019-10-25T15:11:51.124Z - normal: Simulator:     script file: $(PROJDIR)/main.js
2019-10-25T15:11:51.125Z - normal: Simulator:     frame size: 1920 x 1200
2019-10-25T15:11:51.125Z - normal: Simulator:     frame scale: 0.50
2019-10-25T15:11:51.127Z - normal: Simulator:     show console: NO
2019-10-25T15:11:51.129Z - normal: Simulator:     write debug log: NO ()
2019-10-25T15:11:51.129Z - normal: Simulator:     listen: 
2019-10-25T15:11:51.130Z - normal: Simulator:     debugger: none
2019-10-25T15:11:51.131Z - normal: Simulator:     add searching path:
2019-10-25T15:11:51.131Z - normal: Simulator: resetDesignResolution request
2019-10-25T15:11:51.131Z - normal: Simulator: ------------------------------------------------
2019-10-25T15:11:51.132Z - normal: Simulator: LOAD Js FILE: jsb-adapter/jsb-builtin.js
2019-10-25T15:11:51.132Z - normal: Simulator: ------------------------------------------------
2019-10-25T15:11:51.133Z - normal: Simulator: Initializing V8, version: 6.5.254.43
2019-10-25T15:11:51.134Z - normal: Simulator: libuv version: 1.23.1-dev
2019-10-25T15:11:51.138Z - normal: Simulator: Debugger listening..., visit [ chrome-devtools://devtools/bundled/inspector.html?v8only=true&ws=0.0.0.0:5086/00010002-0003-4004-8005-000600070008 ] in chrome browser to debug!
2019-10-25T15:11:51.139Z - normal: Simulator: For help see https://nodejs.org/en/docs/inspector
2019-10-25T15:11:51.162Z - normal: Simulator: JS: Enable batch GL commands optimization!
2019-10-25T15:11:51.162Z - normal: Simulator: resetDesignResolution request
2019-10-25T15:11:51.163Z - normal: Simulator: ------------------------------------------------
2019-10-25T15:11:51.164Z - normal: Simulator: LOAD Js FILE: main.js
2019-10-25T15:11:51.165Z - normal: Simulator: ------------------------------------------------
2019-10-25T15:11:51.498Z - normal: Simulator: iShow!
2019-10-25T15:11:51.650Z - normal: Simulator: glGetIntegerv: pname: 0x8b4c
2019-10-25T15:11:51.661Z - normal: Simulator: JS: Cocos Creator v2.0.10
2019-10-25T15:11:51.756Z - warn: Simulator: libpng warning: iCCP: known incorrect sRGB profile
2019-10-25T15:11:57.152Z - normal: Simulator: I/AudioEngine-inl.mm (358): OpenAL was initialized successfully!
2019-10-25T15:11:57.152Z - normal: Simulator: V/AudioCache (227):   id=1 _pcmData alloc: 0x7ff7d52f2c00
2019-10-25T15:11:57.153Z - normal: Simulator: V/AudioCache (264): pcm buffer was loaded successfully, total frames: 8117, total read frames: 8117, adjust frames: 0, remainingFrames: 0
2019-10-25T15:11:57.154Z - normal: Simulator: V/AudioCache (273):   id=1 generated alGenBuffers: 2425  for _pcmData: 0x7ff7d52f2c00
2019-10-25T15:11:57.154Z - normal: Simulator: V/AudioCache (274):   id=1 _pcmData alBufferData: 0x7ff7d52f2c00
2019-10-25T15:11:57.154Z - normal: Simulator: V/AudioCache (227):   id=2 _pcmData alloc: 0x7ff7d5311400
2019-10-25T15:11:57.155Z - normal: Simulator: V/AudioCache (264): pcm buffer was loaded successfully, total frames: 25384, total read frames: 25384, adjust frames: 0, remainingFrames: 0
2019-10-25T15:11:57.155Z - normal: Simulator: V/AudioCache (273):   id=2 generated alGenBuffers: 2428  for _pcmData: 0x7ff7d5311400
2019-10-25T15:11:57.156Z - normal: Simulator: V/AudioCache (274):   id=2 _pcmData alBufferData: 0x7ff7d5311400
2019-10-25T15:11:57.156Z - normal: Simulator: ScriptEngine::cleanup begin ...
2019-10-25T15:11:57.156Z - normal: Simulator: GC begin ..., (js->native map) size: 32, all objects: 111
2019-10-25T15:11:57.205Z - normal: Simulator: GC end ..., (js->native map) size: 32, all objects: 111
2019-10-25T15:11:57.207Z - normal: Simulator: GC begin ..., (js->native map) size: 32, all objects: 111
2019-10-25T15:11:57.253Z - normal: Simulator: GC end ..., (js->native map) size: 32, all objects: 111
2019-10-25T15:11:57.253Z - normal: Simulator: Destroy WebGLProgram (3) by GC
2019-10-25T15:11:57.254Z - normal: Simulator: Destroy WebGLTexture (15) by GC
2019-10-25T15:11:57.255Z - normal: Simulator: Destroy WebGLTexture (14) by GC
2019-10-25T15:11:57.255Z - normal: Simulator: Destroy WebGLTexture (2) by GC
2019-10-25T15:11:57.255Z - normal: Simulator: Destroy WebGLTexture (12) by GC
2019-10-25T15:11:57.256Z - normal: Simulator: Destroy WebGLTexture (6) by GC
2019-10-25T15:11:57.256Z - normal: Simulator: Destroy WebGLTexture (11) by GC
2019-10-25T15:11:57.256Z - normal: Simulator: Destroy WebGLTexture (3) by GC
2019-10-25T15:11:57.256Z - normal: Simulator: Destroy WebGLTexture (10) by GC
2019-10-25T15:11:57.257Z - normal: Simulator: Destroy WebGLTexture (17) by GC
2019-10-25T15:11:57.257Z - normal: Simulator: Destroy WebGLTexture (7) by GC
2019-10-25T15:11:57.257Z - normal: Simulator: Destroy WebGLTexture (5) by GC
2019-10-25T15:11:57.258Z - normal: Simulator: Destroy WebGLTexture (8) by GC
2019-10-25T15:11:57.258Z - normal: Simulator: Destroy WebGLTexture (4) by GC
2019-10-25T15:11:57.259Z - normal: Simulator: Destroy WebGLTexture (1) by GC
2019-10-25T15:11:57.259Z - normal: Simulator: Destroy WebGLTexture (13) by GC
2019-10-25T15:11:57.259Z - normal: Simulator: Destroy WebGLBuffer (1) by GC
2019-10-25T15:11:57.259Z - normal: Simulator: Destroy WebGLBuffer (4) by GC
2019-10-25T15:11:57.259Z - normal: Simulator: Destroy WebGLBuffer (3) by GC
2019-10-25T15:11:57.260Z - normal: Simulator: Destroy WebGLTexture (9) by GC
2019-10-25T15:11:57.260Z - normal: Simulator: Destroy WebGLTexture (16) by GC
2019-10-25T15:11:57.260Z - normal: Simulator: Destroy WebGLBuffer (2) by GC
2019-10-25T15:11:57.260Z - normal: Simulator: GC begin ..., (js->native map) size: 0, all objects: 0
2019-10-25T15:11:57.274Z - normal: Simulator: GC end ..., (js->native map) size: 0, all objects: 0
2019-10-25T15:11:57.277Z - normal: Simulator: ScriptEngine::cleanup end ...
2019-10-25T15:11:57.375Z - normal: Simulator: V/AudioCache (136): ~AudioCache(id=2), delete buffer: 2428
2019-10-25T15:11:57.376Z - normal: Simulator: V/AudioCache (136): ~AudioCache(id=1), delete buffer: 2425
